<?xml version="1.0" encoding="UTF-8"?>
<!-- Generated by org.testng.reporters.JUnitXMLReporter -->
<testsuite ignored="2" hostname="DESKTOP-OLQP3VH" failures="0" tests="1" name="Default test" time="59.274" errors="0" timestamp="30 Oct 2020 07:09:40 GMT">
  <testcase classname="com.pom.prac.tests.LinkCountTest" name="testAllLinksCountOfSubSetWithNewTabs" time="59.227"/>
  <testcase classname="com.pom.prac.tests.LinkCountTest" name="testAllLinksCountOfEntirePage" time="0.0">
    <ignored/>
  </testcase> <!-- testAllLinksCountOfEntirePage -->
  <testcase classname="com.pom.prac.tests.LinkCountTest" name="testAllLinksCountOfSubSet" time="0.0">
    <ignored/>
  </testcase> <!-- testAllLinksCountOfSubSet -->
</testsuite> <!-- Default test -->
