<?xml version="1.0" encoding="UTF-8"?>
<!-- Generated by org.testng.reporters.JUnitXMLReporter -->
<testsuite ignored="0" hostname="DESKTOP-OLQP3VH" failures="0" tests="2" name="Default test" time="27.014" errors="0" timestamp="15 Oct 2020 10:44:17 GMT">
  <testcase classname="com.pom.prac.tests.ShoppingCartProductsTest" name="verifyThatSelectingMultipleProducts" time="15.467"/>
  <testcase classname="com.pom.prac.tests.ShoppingCartProductsTest" name="verifyThatSelectingSingleProducts" time="11.505"/>
</testsuite> <!-- Default test -->
