<?xml version="1.0" encoding="UTF-8"?>
<testng-results ignored="0" total="2" passed="2" failed="0" skipped="0">
  <reporter-output>
  </reporter-output>
  <suite started-at="2020-10-15T07:21:09Z" name="Default suite" finished-at="2020-10-15T07:21:28Z" duration-ms="18639">
    <groups>
    </groups>
    <test started-at="2020-10-15T07:21:09Z" name="Default test" finished-at="2020-10-15T07:21:28Z" duration-ms="18639">
      <class name="com.pom.prac.tests.ShoppingCartProductsTest">
        <test-method signature="verifyThatSelectingMultipleProducts()[pri:0, instance:com.pom.prac.tests.ShoppingCartProductsTest@15a34df2]" started-at="2020-10-15T07:21:09Z" name="verifyThatSelectingMultipleProducts" finished-at="2020-10-15T07:21:18Z" duration-ms="9010" status="PASS">
          <reporter-output>
          </reporter-output>
        </test-method> <!-- verifyThatSelectingMultipleProducts -->
        <test-method signature="verifyThatSelectingSingleProducts()[pri:0, instance:com.pom.prac.tests.ShoppingCartProductsTest@15a34df2]" started-at="2020-10-15T07:21:18Z" name="verifyThatSelectingSingleProducts" finished-at="2020-10-15T07:21:28Z" duration-ms="9580" status="PASS">
          <reporter-output>
          </reporter-output>
        </test-method> <!-- verifyThatSelectingSingleProducts -->
      </class> <!-- com.pom.prac.tests.ShoppingCartProductsTest -->
    </test> <!-- Default test -->
  </suite> <!-- Default suite -->
</testng-results>
