<?xml version="1.0" encoding="UTF-8"?>
<testng-results ignored="0" total="1" passed="1" failed="0" skipped="0">
  <reporter-output>
  </reporter-output>
  <suite started-at="2020-10-27T13:07:05Z" name="Default suite" finished-at="2020-10-27T13:07:20Z" duration-ms="14221">
    <groups>
    </groups>
    <test started-at="2020-10-27T13:07:05Z" name="Default test" finished-at="2020-10-27T13:07:20Z" duration-ms="14221">
      <class name="com.pom.prac.tests.HandlingMultipleWindowsTest">
        <test-method signature="verifyHandlingMultipleWindow()[pri:0, instance:com.pom.prac.tests.HandlingMultipleWindowsTest@6e535154]" started-at="2020-10-27T13:07:05Z" name="verifyHandlingMultipleWindow" finished-at="2020-10-27T13:07:20Z" duration-ms="14193" status="PASS">
          <reporter-output>
          </reporter-output>
        </test-method> <!-- verifyHandlingMultipleWindow -->
      </class> <!-- com.pom.prac.tests.HandlingMultipleWindowsTest -->
    </test> <!-- Default test -->
  </suite> <!-- Default suite -->
</testng-results>
